<?xml version="1.0" encoding="UTF-8"?>
<!-- Generated by org.testng.reporters.JUnitXMLReporter -->
<testsuite ignored="0" hostname="aVis-mach1ne" failures="2" tests="18" name="Surefire test" time="4.655" errors="0" timestamp="2022-02-10T23:54:14 IST">
  <testcase classname="assignments_may22.AllTests" name="@AfterMethod closeBrowser" time="2.011">
    <failure type="java.lang.NullPointerException" message="Cannot invoke &amp;quot;org.openqa.selenium.WebDriver.close()&amp;quot; because &amp;quot;this.driver&amp;quot; is null">
      <![CDATA[java.lang.NullPointerException: Cannot invoke "org.openqa.selenium.WebDriver.close()" because "this.driver" is null
at assignments_may22.AllTests.closeBrowser(AllTests.java:133)
at java.base/java.util.ArrayList.forEach(ArrayList.java:1511)
... Removed 37 stack frames]]>
    </failure>
  </testcase> <!-- @AfterMethod closeBrowser -->
  <testcase classname="assignments_may22.AllTests" name="@BeforeMethod browserInitiation" time="0.0">
    <skipped/>
  </testcase> <!-- @BeforeMethod browserInitiation -->
  <testcase classname="assignments_may22.AllTests" name="@AfterMethod closeBrowser" time="0.0">
    <skipped/>
  </testcase> <!-- @AfterMethod closeBrowser -->
  <testcase classname="assignments_may22.AllTests" name="@BeforeMethod browserInitiation" time="0.0">
    <skipped/>
  </testcase> <!-- @BeforeMethod browserInitiation -->
  <testcase classname="assignments_may22.AllTests" name="@AfterMethod closeBrowser" time="0.0">
    <skipped/>
  </testcase> <!-- @AfterMethod closeBrowser -->
  <testcase classname="assignments_may22.AllTests" name="@BeforeMethod browserInitiation" time="0.0">
    <skipped/>
  </testcase> <!-- @BeforeMethod browserInitiation -->
  <testcase classname="assignments_may22.AllTests" name="@AfterMethod closeBrowser" time="0.0">
    <skipped/>
  </testcase> <!-- @AfterMethod closeBrowser -->
  <testcase classname="assignments_may22.AllTests" name="@BeforeMethod browserInitiation" time="0.0">
    <skipped/>
  </testcase> <!-- @BeforeMethod browserInitiation -->
  <testcase classname="assignments_may22.AllTests" name="@AfterMethod closeBrowser" time="0.0">
    <skipped/>
  </testcase> <!-- @AfterMethod closeBrowser -->
  <testcase classname="assignments_may22.AllTests" name="@BeforeMethod browserInitiation" time="0.0">
    <skipped/>
  </testcase> <!-- @BeforeMethod browserInitiation -->
  <testcase classname="assignments_may22.AllTests" name="@AfterMethod closeBrowser" time="0.0">
    <skipped/>
  </testcase> <!-- @AfterMethod closeBrowser -->
  <testcase classname="assignments_may22.AllTests" name="@BeforeMethod browserInitiation" time="0.0">
    <skipped/>
  </testcase> <!-- @BeforeMethod browserInitiation -->
  <testcase classname="assignments_may22.AllTests" name="@AfterMethod closeBrowser" time="0.0">
    <skipped/>
  </testcase> <!-- @AfterMethod closeBrowser -->
  <testcase classname="asserts_listeners.TestAsserts" name="test1" time="0.006"/>
  <testcase classname="asserts_listeners.TestAsserts" name="test2" time="0.001">
    <failure type="java.lang.AssertionError" message="expected [30] but found [25]">
      <![CDATA[java.lang.AssertionError: expected [30] but found [25]
at asserts_listeners.TestAsserts.test2(TestAsserts.java:18)
at java.base/java.util.ArrayList.forEach(ArrayList.java:1511)
... Removed 38 stack frames]]>
    </failure>
  </testcase> <!-- test2 -->
  <testcase classname="assignments_may22.AllTests" name="scenario1" time="2.56">
    <failure type="org.openqa.selenium.SessionNotCreatedException" message="session not created: This version of ChromeDriver only supports Chrome version 90
Current browser version is 98.0.4758.82 with binary path C:\Program Files\Google\Chrome\Application\chrome.exe
Build info: version: &amp;apos;3.7.1&amp;apos;, revision: &amp;apos;8a0099a&amp;apos;, time: &amp;apos;2017-11-06T21:01:39.354Z&amp;apos;
System info: host: &amp;apos;AVIS-MACH1NE&amp;apos;, ip: &amp;apos;192.168.0.104&amp;apos;, os.name: &amp;apos;Windows 10&amp;apos;, os.arch: &amp;apos;amd64&amp;apos;, os.version: &amp;apos;10.0&amp;apos;, java.version: &amp;apos;15.0.2&amp;apos;
Driver info: driver.version: ChromeDriver
remote stacktrace: Backtrace:
	Ordinal0 [0x0105C013+2474003]
	Ordinal0 [0x00FF29C1+2042305]
	Ordinal0 [0x00F02F68+1060712]
	Ordinal0 [0x00F2188E+1185934]
	Ordinal0 [0x00F1D600+1168896]
	Ordinal0 [0x00F1AA83+1157763]
	Ordinal0 [0x00F4A2A2+1352354]
	Ordinal0 [0x00F48FAA+1347498]
	Ordinal0 [0x00F466DB+1337051]
	Ordinal0 [0x00F23427+1192999]
	Ordinal0 [0x00F242EE+1196782]
	Ordinal0 [0x00F24279+1196665]
	GetHandleVerifier [0x011E96FC+1590332]
	GetHandleVerifier [0x01298614+2306900]
	GetHandleVerifier [0x010E9E93+543699]
	GetHandleVerifier [0x010E92CE+540686]
	Ordinal0 [0x00FF86BA+2066106]
	Ordinal0 [0x00FFD1C8+2085320]
	Ordinal0 [0x00FFD308+2085640]
	Ordinal0 [0x010067F3+2123763]
	BaseThreadInitThunk [0x76256739+25]
	RtlGetFullPathName_UEx [0x778D8E7F+1215]
	RtlGetFullPathName_UEx [0x778D8E4D+1165]
">
      <![CDATA[org.openqa.selenium.SessionNotCreatedException: session not created: This version of ChromeDriver only supports Chrome version 90
Current browser version is 98.0.4758.82 with binary path C:\Program Files\Google\Chrome\Application\chrome.exe
Build info: version: '3.7.1', revision: '8a0099a', time: '2017-11-06T21:01:39.354Z'
System info: host: 'AVIS-MACH1NE', ip: '192.168.0.104', os.name: 'Windows 10', os.arch: 'amd64', os.version: '10.0', java.version: '15.0.2'
Driver info: driver.version: ChromeDriver
remote stacktrace: Backtrace:
Ordinal0 [0x0105C013+2474003]
Ordinal0 [0x00FF29C1+2042305]
Ordinal0 [0x00F02F68+1060712]
Ordinal0 [0x00F2188E+1185934]
Ordinal0 [0x00F1D600+1168896]
Ordinal0 [0x00F1AA83+1157763]
Ordinal0 [0x00F4A2A2+1352354]
Ordinal0 [0x00F48FAA+1347498]
Ordinal0 [0x00F466DB+1337051]
Ordinal0 [0x00F23427+1192999]
Ordinal0 [0x00F242EE+1196782]
Ordinal0 [0x00F24279+1196665]
GetHandleVerifier [0x011E96FC+1590332]
GetHandleVerifier [0x01298614+2306900]
GetHandleVerifier [0x010E9E93+543699]
GetHandleVerifier [0x010E92CE+540686]
Ordinal0 [0x00FF86BA+2066106]
Ordinal0 [0x00FFD1C8+2085320]
Ordinal0 [0x00FFD308+2085640]
Ordinal0 [0x010067F3+2123763]
BaseThreadInitThunk [0x76256739+25]
RtlGetFullPathName_UEx [0x778D8E7F+1215]
RtlGetFullPathName_UEx [0x778D8E4D+1165]

at org.openqa.selenium.remote.W3CHandshakeResponse.lambda$new$0(W3CHandshakeResponse.java:57)
at org.openqa.selenium.remote.W3CHandshakeResponse.lambda$getResponseFunction$2(W3CHandshakeResponse.java:104)
at org.openqa.selenium.remote.ProtocolHandshake.lambda$createSession$0(ProtocolHandshake.java:123)
at java.base/java.util.stream.ReferencePipeline$3$1.accept(ReferencePipeline.java:195)
at java.base/java.util.Spliterators$ArraySpliterator.tryAdvance(Spliterators.java:958)
at java.base/java.util.stream.ReferencePipeline.forEachWithCancel(ReferencePipeline.java:127)
at java.base/java.util.stream.AbstractPipeline.copyIntoWithCancel(AbstractPipeline.java:502)
at java.base/java.util.stream.AbstractPipeline.copyInto(AbstractPipeline.java:488)
at java.base/java.util.stream.AbstractPipeline.wrapAndCopyInto(AbstractPipeline.java:474)
at java.base/java.util.stream.FindOps$FindOp.evaluateSequential(FindOps.java:150)
at java.base/java.util.stream.AbstractPipeline.evaluate(AbstractPipeline.java:234)
at java.base/java.util.stream.ReferencePipeline.findFirst(ReferencePipeline.java:543)
at org.openqa.selenium.remote.ProtocolHandshake.createSession(ProtocolHandshake.java:126)
at org.openqa.selenium.remote.ProtocolHandshake.createSession(ProtocolHandshake.java:73)
at org.openqa.selenium.remote.HttpCommandExecutor.execute(HttpCommandExecutor.java:142)
at org.openqa.selenium.remote.service.DriverCommandExecutor.execute(DriverCommandExecutor.java:83)
at org.openqa.selenium.remote.RemoteWebDriver.execute(RemoteWebDriver.java:600)
at org.openqa.selenium.remote.RemoteWebDriver.startSession(RemoteWebDriver.java:219)
at org.openqa.selenium.remote.RemoteWebDriver.<init>(RemoteWebDriver.java:142)
at org.openqa.selenium.chrome.ChromeDriver.<init>(ChromeDriver.java:181)
at org.openqa.selenium.chrome.ChromeDriver.<init>(ChromeDriver.java:168)
at org.openqa.selenium.chrome.ChromeDriver.<init>(ChromeDriver.java:123)
at assignments_may22.setup.browser(setup.java:17)
at assignments_may22.AllTests.scenario1(AllTests.java:33)
at java.base/java.util.ArrayList.forEach(ArrayList.java:1511)
... Removed 37 stack frames]]>
    </failure>
  </testcase> <!-- scenario1 -->
  <testcase classname="assignments_may22.AllTests" name="scenario2" time="0.0">
    <skipped/>
  </testcase> <!-- scenario2 -->
  <testcase classname="assignments_may22.AllTests" name="scenario3" time="0.0">
    <skipped/>
  </testcase> <!-- scenario3 -->
  <testcase classname="assignments_may22.AllTests" name="scenario4" time="0.0">
    <skipped/>
  </testcase> <!-- scenario4 -->
  <testcase classname="assignments_may22.AllTests" name="scenario5" time="0.0">
    <skipped/>
  </testcase> <!-- scenario5 -->
  <testcase classname="assignments_may22.AllTests" name="scenario6" time="0.0">
    <skipped/>
  </testcase> <!-- scenario6 -->
  <testcase classname="assignments_may22.AllTests" name="scenario7" time="0.0">
    <skipped/>
  </testcase> <!-- scenario7 -->
  <testcase classname="testNG.DataDrivenTests" name="sampleTest" time="0.0"/>
  <testcase classname="testNG.DataDrivenTests" name="sampleTest" time="0.001"/>
  <testcase classname="testNG.DataDrivenTests" name="sampleTest" time="0.001"/>
  <testcase classname="testNG.Groups_Priorities_Parameterized_Tests" name="parameterizedTest" time="0.001"/>
  <testcase classname="testNG.Groups_Priorities_Parameterized_Tests" name="test_method1" time="0.0"/>
  <testcase classname="testNG.Groups_Priorities_Parameterized_Tests" name="test_method2" time="0.0"/>
  <testcase classname="testNG.Groups_Priorities_Parameterized_Tests" name="test_method3" time="0.0"/>
  <testcase classname="testNG.Groups_Priorities_Parameterized_Tests" name="priority_method1" time="0.0"/>
  <testcase classname="testNG.Groups_Priorities_Parameterized_Tests" name="priority_method2" time="0.001"/>
</testsuite> <!-- Surefire test -->
