<?xml version="1.0" encoding="UTF-8"?>
<!-- Generated by org.testng.reporters.JUnitXMLReporter -->
<testsuite ignored="0" hostname="aVis-mach1ne" failures="1" tests="2" name="Listeners_program" time="0.049" errors="0" timestamp="08 Feb 2022 08:44:36 GMT">
  <testcase classname="asserts_listeners.TestAsserts" name="test1" time="0.013"/>
  <testcase classname="asserts_listeners.TestAsserts" name="test2" time="0.002">
    <failure type="java.lang.AssertionError" message="expected [30] but found [25]">
      <![CDATA[java.lang.AssertionError: expected [30] but found [25]
at asserts_listeners.TestAsserts.test2(TestAsserts.java:18)
... Removed 31 stack frames]]>
    </failure>
  </testcase> <!-- test2 -->
</testsuite> <!-- Listeners_program -->
